<?xml version="1.0" encoding="UTF-8"?>
<!-- Generated by org.testng.reporters.JUnitReportReporter -->
<testsuite hostname="LAPTOP-EBJCUPO7" name="test.MacysHome" tests="1" failures="0" timestamp="20 May 2019 01:59:01 GMT" time="0.540" errors="0">
  <testcase name="SearchBox" time="0.540" classname="test.MacysHome"/>
</testsuite> <!-- test.MacysHome -->
