<?xml version="1.0" encoding="UTF-8"?>
<!-- Generated by org.testng.reporters.JUnitReportReporter -->
<testsuite hostname="LAPTOP-EBJCUPO7" name="test.FooterHelp" tests="1" failures="0" timestamp="23 May 2019 01:43:38 GMT" time="3.880" errors="0">
  <testcase name="HelpTest" time="3.880" classname="test.FooterHelp"/>
</testsuite> <!-- test.FooterHelp -->
