<?xml version="1.0" encoding="UTF-8"?>
<!-- Generated by org.testng.reporters.JUnitReportReporter -->
<testsuite hostname="LAPTOP-EBJCUPO7" name="test.MacysHome" tests="1" failures="0" timestamp="18 May 2019 20:53:01 GMT" time="0.970" errors="0">
  <testcase name="SearchBox" time="0.970" classname="test.MacysHome"/>
</testsuite> <!-- test.MacysHome -->
